[debug] [2018-08-23T19:16:32.186Z] ----------------------------------------------------------------------
[debug] [2018-08-23T19:16:32.300Z] Command:       C:\Program Files\nodejs\node.exe C:\Users\Daniel\AppData\Roaming\npm\node_modules\firebase-tools\bin\firebase deploy
[debug] [2018-08-23T19:16:32.300Z] CLI Version:   3.18.4
[debug] [2018-08-23T19:16:32.300Z] Platform:      win32
[debug] [2018-08-23T19:16:32.300Z] Node Version:  v9.11.1
[debug] [2018-08-23T19:16:32.302Z] Time:          Thu Aug 23 2018 20:16:32 GMT+0100 (W. Central Africa Standard Time)
[debug] [2018-08-23T19:16:32.302Z] ----------------------------------------------------------------------
[debug] 
[debug] [2018-08-23T19:16:32.336Z] > command requires scopes: ["email","openid","https://www.googleapis.com/auth/cloudplatformprojects.readonly","https://www.googleapis.com/auth/firebase","https://www.googleapis.com/auth/cloud-platform"]
[debug] [2018-08-23T19:16:32.336Z] > authorizing via signed-in user
[debug] [2018-08-23T19:16:32.340Z] > refreshing access token with scopes: ["email","https://www.googleapis.com/auth/cloud-platform","https://www.googleapis.com/auth/cloudplatformprojects.readonly","https://www.googleapis.com/auth/firebase","openid"]
[debug] [2018-08-23T19:16:32.340Z] >>> HTTP REQUEST POST https://www.googleapis.com/oauth2/v3/token  
 { refresh_token: '1/PxOckIp_5FigZcSRJ_wx0oXffM8FqIMqdglZa_Rs77k',
  client_id: '563584335869-fgrhgmd47bqnekij5i8b5pr03ho849e6.apps.googleusercontent.com',
  client_secret: 'j9iVZfS8kkCEFUPaAeJV0sAi',
  grant_type: 'refresh_token',
  scope: 'email https://www.googleapis.com/auth/cloud-platform https://www.googleapis.com/auth/cloudplatformprojects.readonly https://www.googleapis.com/auth/firebase openid' } 
 Thu Aug 23 2018 20:16:32 GMT+0100 (W. Central Africa Standard Time)
[debug] [2018-08-23T19:16:35.144Z] <<< HTTP RESPONSE 200
[debug] [2018-08-23T19:16:35.175Z] >>> HTTP REQUEST GET https://admin.firebase.com/v1/projects/respectedau  
  
 Thu Aug 23 2018 20:16:35 GMT+0100 (W. Central Africa Standard Time)
[debug] [2018-08-23T19:16:37.431Z] <<< HTTP RESPONSE 200
[debug] [2018-08-23T19:16:37.431Z] >>> HTTP REQUEST GET https://admin.firebase.com/v1/database/respectedau/tokens  
  
 Thu Aug 23 2018 20:16:37 GMT+0100 (W. Central Africa Standard Time)
[debug] [2018-08-23T19:16:40.018Z] <<< HTTP RESPONSE 200
[info] 
[info] === Deploying to 'respectedau'...
[info] 
[info] i  deploying database, storage, firestore, functions, hosting
[info] Running command: npm --prefix "$RESOURCE_DIR" run lint
[info] +  functions: Finished running predeploy script.
[info] i  database: checking rules syntax...
[debug] [2018-08-23T19:17:44.406Z] >>> HTTP REQUEST PUT https://respectedau.firebaseio.com/.settings/rules.json?dryRun=true  
 {
  "rules": {
    ".read": false,
    ".write": false
  }
} 
 Thu Aug 23 2018 20:17:44 GMT+0100 (W. Central Africa Standard Time)
[debug] [2018-08-23T19:17:54.640Z] <<< HTTP RESPONSE 200
[info] +  database: rules syntax for database respectedau is valid
[debug] [2018-08-23T19:17:54.666Z] >>> HTTP REQUEST GET https://appengine.googleapis.com/v1/apps/respectedau  
  
 Thu Aug 23 2018 20:17:54 GMT+0100 (W. Central Africa Standard Time)
[debug] [2018-08-23T19:17:57.035Z] <<< HTTP RESPONSE 200
[info] i  storage: checking storage.rules for compilation errors...
[debug] [2018-08-23T19:17:57.039Z] >>> HTTP REQUEST POST https://firebaserules.googleapis.com/v1/projects/respectedau:test  
 { source: { files: [ [Object] ] } } 
 Thu Aug 23 2018 20:17:57 GMT+0100 (W. Central Africa Standard Time)
[debug] [2018-08-23T19:17:58.272Z] <<< HTTP RESPONSE 200
[info] +  storage: rules file storage.rules compiled successfully
[info] i  firestore: checking firestore.rules for compilation errors...
[debug] [2018-08-23T19:17:58.307Z] >>> HTTP REQUEST POST https://firebaserules.googleapis.com/v1/projects/respectedau:test  
 { source: { files: [ [Object] ] } } 
 Thu Aug 23 2018 20:17:58 GMT+0100 (W. Central Africa Standard Time)
[debug] [2018-08-23T19:18:00.058Z] <<< HTTP RESPONSE 200
[info] +  firestore: rules file firestore.rules compiled successfully
[debug] [2018-08-23T19:18:00.064Z] > [functions] package.json contents: {
  "name": "functions",
  "description": "Cloud Functions for Firebase",
  "scripts": {
    "lint": "eslint .",
    "serve": "firebase serve --only functions",
    "shell": "firebase functions:shell",
    "start": "npm run shell",
    "deploy": "firebase deploy --only functions",
    "logs": "firebase functions:log"
  },
  "dependencies": {
    "firebase-admin": "^6.0.0",
    "firebase-functions": "^2.0.5"
  },
  "devDependencies": {
    "eslint": "^4.12.0",
    "eslint-plugin-promise": "^3.6.0"
  },
  "private": true
}
[info] i  functions: ensuring necessary APIs are enabled...
[debug] [2018-08-23T19:18:00.066Z] >>> HTTP REQUEST GET https://servicemanagement.googleapis.com/v1/services/cloudfunctions.googleapis.com/projectSettings/respectedau?view=CONSUMER_VIEW  
  
 Thu Aug 23 2018 20:18:00 GMT+0100 (W. Central Africa Standard Time)
[debug] [2018-08-23T19:18:00.067Z] >>> HTTP REQUEST GET https://servicemanagement.googleapis.com/v1/services/runtimeconfig.googleapis.com/projectSettings/respectedau?view=CONSUMER_VIEW  
  
 Thu Aug 23 2018 20:18:00 GMT+0100 (W. Central Africa Standard Time)
[debug] [2018-08-23T19:18:03.709Z] <<< HTTP RESPONSE 200
[debug] [2018-08-23T19:18:05.007Z] <<< HTTP RESPONSE 200
[info] +  functions: all necessary APIs are enabled
[debug] [2018-08-23T19:18:05.016Z] >>> HTTP REQUEST GET https://cloudresourcemanager.googleapis.com/v1/projects/respectedau  
  
 Thu Aug 23 2018 20:18:05 GMT+0100 (W. Central Africa Standard Time)
[debug] [2018-08-23T19:18:06.916Z] <<< HTTP RESPONSE 200
[debug] [2018-08-23T19:18:06.916Z] >>> HTTP REQUEST GET https://mobilesdk-pa.googleapis.com/v1/projects/176962524559:getServerAppConfig  
  
 Thu Aug 23 2018 20:18:06 GMT+0100 (W. Central Africa Standard Time)
[debug] [2018-08-23T19:18:08.749Z] <<< HTTP RESPONSE 200
[info] i  storage: uploading rules storage.rules...
[debug] [2018-08-23T19:18:08.762Z] >>> HTTP REQUEST POST https://firebaserules.googleapis.com/v1/projects/respectedau/rulesets  
 { source: { files: [ [Object] ] } } 
 Thu Aug 23 2018 20:18:08 GMT+0100 (W. Central Africa Standard Time)
[debug] [2018-08-23T19:18:10.734Z] <<< HTTP RESPONSE 200
[debug] [2018-08-23T19:18:10.738Z] [rules] created ruleset projects/respectedau/rulesets/8bd2d6fe-204d-45eb-a5dd-ac26e9456e56
[info] i  firestore: uploading rules firestore.rules...
[debug] [2018-08-23T19:18:10.760Z] >>> HTTP REQUEST POST https://firebaserules.googleapis.com/v1/projects/respectedau/rulesets  
 { source: { files: [ [Object] ] } } 
 Thu Aug 23 2018 20:18:10 GMT+0100 (W. Central Africa Standard Time)
[debug] [2018-08-23T19:18:10.760Z] >>> HTTP REQUEST GET https://firestore.googleapis.com/v1beta1/projects/respectedau/databases/(default)/indexes  
  
 Thu Aug 23 2018 20:18:10 GMT+0100 (W. Central Africa Standard Time)
[debug] [2018-08-23T19:18:12.253Z] <<< HTTP RESPONSE 200
[debug] [2018-08-23T19:18:12.253Z] [rules] created ruleset projects/respectedau/rulesets/a8c89a0c-5ffd-4333-974d-2a87d22d310c
[debug] [2018-08-23T19:18:12.428Z] <<< HTTP RESPONSE 200
[info] i  functions: preparing functions directory for uploading...
[debug] [2018-08-23T19:18:12.436Z] >>> HTTP REQUEST GET https://runtimeconfig.googleapis.com/v1beta1/projects/respectedau/configs  
  
 Thu Aug 23 2018 20:18:12 GMT+0100 (W. Central Africa Standard Time)
[debug] [2018-08-23T19:18:13.732Z] <<< HTTP RESPONSE 200
[debug] [2018-08-23T19:18:13.733Z] >>> HTTP REQUEST GET https://runtimeconfig.googleapis.com/v1beta1/projects/respectedau/configs/sendgrid/variables  
  
 Thu Aug 23 2018 20:18:13 GMT+0100 (W. Central Africa Standard Time)
[debug] [2018-08-23T19:18:14.624Z] <<< HTTP RESPONSE 200
[debug] [2018-08-23T19:18:14.625Z] >>> HTTP REQUEST GET https://runtimeconfig.googleapis.com/v1beta1/projects/respectedau/configs/sendgrid/variables/keys  
  
 Thu Aug 23 2018 20:18:14 GMT+0100 (W. Central Africa Standard Time)
[debug] [2018-08-23T19:18:15.743Z] <<< HTTP RESPONSE 200
[info] i  hosting: preparing public directory for upload...
[debug] [2018-08-23T19:18:22.099Z] >>> HTTP REQUEST PUT https://deploy.firebase.com/v1/hosting/respectedau/uploads/-LKcDEDgtsfNIiHDSpSc?fileCount=68&message=  
  
 Thu Aug 23 2018 20:18:22 GMT+0100 (W. Central Africa Standard Time)
